-------------------------------------------------------------------------------
Test set: com.revature.UserMicroserviceApplicationTests
-------------------------------------------------------------------------------
Tests run: 1, Failures: 0, Errors: 1, Skipped: 0, Time elapsed: 11.843 s <<< FAILURE! - in com.revature.UserMicroserviceApplicationTests
contextLoads  Time elapsed: 0.002 s  <<< ERROR!
java.lang.IllegalStateException: Failed to load ApplicationContext
Caused by: org.springframework.beans.factory.UnsatisfiedDependencyException: Error creating bean with name 'NotificationController' defined in file [C:\Users\AYarn\Documents\UserMicroService\target\classes\com\revature\ocean\controllers\NotificationController.class]: Unsatisfied dependency expressed through constructor parameter 0; nested exception is org.springframework.beans.factory.UnsatisfiedDependencyException: Error creating bean with name 'NotificationService' defined in file [C:\Users\AYarn\Documents\UserMicroService\target\classes\com\revature\ocean\services\NotificationService.class]: Unsatisfied dependency expressed through constructor parameter 0; nested exception is org.springframework.beans.factory.BeanCreationException: Error creating bean with name 'NotificationDao' defined in com.revature.ocean.repository.NotificationDao defined in @EnableJpaRepositories declared on JpaRepositoriesRegistrar.EnableJpaRepositoriesConfiguration: Invocation of init method failed; nested exception is org.springframework.data.repository.query.QueryCreationException: Could not create query for public abstract java.util.List com.revature.ocean.repository.NotificationDao.findByFeedAuthorOrderByTimestampDesc(com.revature.ocean.models.User)! Reason: Failed to create query for method public abstract java.util.List com.revature.ocean.repository.NotificationDao.findByFeedAuthorOrderByTimestampDesc(com.revature.ocean.models.User)! No property feedAuthor found for type Notification!; nested exception is java.lang.IllegalArgumentException: Failed to create query for method public abstract java.util.List com.revature.ocean.repository.NotificationDao.findByFeedAuthorOrderByTimestampDesc(com.revature.ocean.models.User)! No property feedAuthor found for type Notification!
Caused by: org.springframework.beans.factory.UnsatisfiedDependencyException: Error creating bean with name 'NotificationService' defined in file [C:\Users\AYarn\Documents\UserMicroService\target\classes\com\revature\ocean\services\NotificationService.class]: Unsatisfied dependency expressed through constructor parameter 0; nested exception is org.springframework.beans.factory.BeanCreationException: Error creating bean with name 'NotificationDao' defined in com.revature.ocean.repository.NotificationDao defined in @EnableJpaRepositories declared on JpaRepositoriesRegistrar.EnableJpaRepositoriesConfiguration: Invocation of init method failed; nested exception is org.springframework.data.repository.query.QueryCreationException: Could not create query for public abstract java.util.List com.revature.ocean.repository.NotificationDao.findByFeedAuthorOrderByTimestampDesc(com.revature.ocean.models.User)! Reason: Failed to create query for method public abstract java.util.List com.revature.ocean.repository.NotificationDao.findByFeedAuthorOrderByTimestampDesc(com.revature.ocean.models.User)! No property feedAuthor found for type Notification!; nested exception is java.lang.IllegalArgumentException: Failed to create query for method public abstract java.util.List com.revature.ocean.repository.NotificationDao.findByFeedAuthorOrderByTimestampDesc(com.revature.ocean.models.User)! No property feedAuthor found for type Notification!
Caused by: org.springframework.beans.factory.BeanCreationException: Error creating bean with name 'NotificationDao' defined in com.revature.ocean.repository.NotificationDao defined in @EnableJpaRepositories declared on JpaRepositoriesRegistrar.EnableJpaRepositoriesConfiguration: Invocation of init method failed; nested exception is org.springframework.data.repository.query.QueryCreationException: Could not create query for public abstract java.util.List com.revature.ocean.repository.NotificationDao.findByFeedAuthorOrderByTimestampDesc(com.revature.ocean.models.User)! Reason: Failed to create query for method public abstract java.util.List com.revature.ocean.repository.NotificationDao.findByFeedAuthorOrderByTimestampDesc(com.revature.ocean.models.User)! No property feedAuthor found for type Notification!; nested exception is java.lang.IllegalArgumentException: Failed to create query for method public abstract java.util.List com.revature.ocean.repository.NotificationDao.findByFeedAuthorOrderByTimestampDesc(com.revature.ocean.models.User)! No property feedAuthor found for type Notification!
Caused by: org.springframework.data.repository.query.QueryCreationException: Could not create query for public abstract java.util.List com.revature.ocean.repository.NotificationDao.findByFeedAuthorOrderByTimestampDesc(com.revature.ocean.models.User)! Reason: Failed to create query for method public abstract java.util.List com.revature.ocean.repository.NotificationDao.findByFeedAuthorOrderByTimestampDesc(com.revature.ocean.models.User)! No property feedAuthor found for type Notification!; nested exception is java.lang.IllegalArgumentException: Failed to create query for method public abstract java.util.List com.revature.ocean.repository.NotificationDao.findByFeedAuthorOrderByTimestampDesc(com.revature.ocean.models.User)! No property feedAuthor found for type Notification!
Caused by: java.lang.IllegalArgumentException: Failed to create query for method public abstract java.util.List com.revature.ocean.repository.NotificationDao.findByFeedAuthorOrderByTimestampDesc(com.revature.ocean.models.User)! No property feedAuthor found for type Notification!
Caused by: org.springframework.data.mapping.PropertyReferenceException: No property feedAuthor found for type Notification!

